9lives.xyz is a project
afterdarksys.com is a project
ansible-new is a project
aws-savings-check is a project
buildnft.xyz is a project
covid19lookup.nyc is a project
disease.zone is a project
getthis.money is a project
getthis.world is a project
gpg-key-tracker is a project
heartofatoaster.com is a project
linux-codesign-toolkit-1.0 is a project
managedcrypto.com is a project
minttoken.xyz is a project
nerdycupid.com is a project
nitetext.com is a project
openssl-sox-jira is a project
outofwork.life is a project
paws.money is a project
politicalmemes.xyz is a project
poml is a project
purrr.love is a project
purrr.me is a project
scripts is a project
setup-scripts is a project
sexacomms is a project
smokeout.nyc is a project
sslmgr is a project
stratumcrypt.com is a project
SuperDeploy is a project
terraform is a project
undateable.me is a project
unsorted_work is a project
aeims-control is a project
aeims is a project
aeimsLib is a project
aeims-asterisk is a project
